TN:
SF:controller/taskController.js
FN:5,(anonymous_0)
FN:10,(anonymous_1)
FN:22,(anonymous_2)
FN:50,(anonymous_3)
FNF:4
FNH:3
FNDA:1,(anonymous_0)
FNDA:2,(anonymous_1)
FNDA:2,(anonymous_2)
FNDA:0,(anonymous_3)
DA:1,1
DA:2,1
DA:3,1
DA:5,1
DA:6,1
DA:7,1
DA:10,1
DA:12,2
DA:14,1
DA:17,1
DA:18,1
DA:22,1
DA:23,2
DA:25,2
DA:27,0
DA:28,0
DA:31,2
DA:33,2
DA:35,1
DA:36,1
DA:39,1
DA:41,1
DA:42,1
DA:45,0
DA:46,0
DA:50,1
DA:52,0
DA:54,0
DA:56,0
DA:57,0
DA:60,0
DA:62,0
DA:64,0
DA:65,0
DA:68,0
DA:70,0
DA:71,0
DA:74,0
DA:76,0
DA:79,1
LF:40
LH:23
BRDA:12,0,0,1
BRDA:12,0,1,1
BRDA:25,1,0,0
BRDA:25,1,1,2
BRDA:33,2,0,1
BRDA:33,2,1,1
BRDA:39,3,0,1
BRDA:39,3,1,0
BRDA:54,4,0,0
BRDA:54,4,1,0
BRDA:62,5,0,0
BRDA:62,5,1,0
BRDA:68,6,0,0
BRDA:68,6,1,0
BRF:14
BRH:6
end_of_record
TN:
SF:controller/userController.js
FN:6,(anonymous_0)
FN:35,(anonymous_1)
FN:49,(anonymous_2)
FN:55,(anonymous_3)
FNF:4
FNH:2
FNDA:2,(anonymous_0)
FNDA:0,(anonymous_1)
FNDA:0,(anonymous_2)
FNDA:1,(anonymous_3)
DA:1,1
DA:2,1
DA:3,1
DA:4,1
DA:6,1
DA:8,2
DA:10,2
DA:11,1
DA:12,1
DA:15,1
DA:17,1
DA:18,0
DA:19,0
DA:22,1
DA:23,1
DA:24,1
DA:26,1
DA:27,1
DA:29,0
DA:30,0
DA:35,1
DA:36,0
DA:37,0
DA:39,0
DA:41,0
DA:43,0
DA:49,1
DA:50,0
DA:52,0
DA:55,1
DA:57,1
LF:31
LH:20
BRDA:10,0,0,1
BRDA:10,0,1,1
BRDA:10,1,0,2
BRDA:10,1,1,2
BRDA:10,1,2,1
BRDA:17,2,0,0
BRDA:17,2,1,1
BRDA:26,3,0,1
BRDA:26,3,1,0
BRDA:39,4,0,0
BRDA:39,4,1,0
BRDA:39,5,0,0
BRDA:39,5,1,0
BRF:13
BRH:7
end_of_record
TN:
SF:models/taskModel.js
FNF:0
FNH:0
DA:1,1
DA:3,1
DA:13,1
LF:3
LH:3
BRF:0
BRH:0
end_of_record
TN:
SF:models/userModel.js
FNF:0
FNH:0
DA:1,1
DA:3,1
DA:24,1
LF:3
LH:3
BRF:0
BRH:0
end_of_record
